# JRE version: Java(TM) SE Runtime Environment (8.0_211-b12) (build 1.8.0_211-b12)
# Java VM: Java HotSpot(TM) 64-Bit Server VM (25.211-b12 mixed mode windows-amd64 compressed oops)
Heap:
 PSYoungGen      total 604160K, used 520303K [0x00000000d5580000, 0x0000000100000000, 0x0000000100000000)
  eden space 509440K, 96% used [0x00000000d5580000,0x00000000f35674f0,0x00000000f4700000)
  from space 94720K, 30% used [0x00000000f4700000,0x00000000f6334718,0x00000000fa380000)
  to   space 92160K, 0% used [0x00000000fa600000,0x00000000fa600000,0x0000000100000000)
 ParOldGen       total 1398272K, used 52357K [0x0000000080000000, 0x00000000d5580000, 0x00000000d5580000)
  object space 1398272K, 3% used [0x0000000080000000,0x00000000833217b0,0x00000000d5580000)
 Metaspace       used 84928K, capacity 85978K, committed 86104K, reserved 1126400K
  class space    used 9709K, capacity 10004K, committed 10072K, reserved 1048576K
GC Heap History (10 events):
Event: 14.235 GC heap before
{Heap before GC invocations=10 (full 2):
 PSYoungGen      total 598528K, used 475948K [0x00000000d5580000, 0x0000000100000000, 0x0000000100000000)
  eden space 526848K, 76% used [0x00000000d5580000,0x00000000ee067428,0x00000000f5800000)
  from space 71680K, 99% used [0x00000000f5800000,0x00000000f9de3db0,0x00000000f9e00000)
  to   space 95232K, 0% used [0x00000000fa300000,0x00000000fa300000,0x0000000100000000)
 ParOldGen       total 1398272K, used 33593K [0x0000000080000000, 0x00000000d5580000, 0x00000000d5580000)
  object space 1398272K, 2% used [0x0000000080000000,0x00000000820ce6e8,0x00000000d5580000)
 Metaspace       used 58158K, capacity 58774K, committed 58968K, reserved 1101824K
  class space    used 6756K, capacity 6970K, committed 7000K, reserved 1048576K
Event: 14.246 GC heap after
Heap after GC invocations=10 (full 2):
 PSYoungGen      total 607744K, used 32073K [0x00000000d5580000, 0x0000000100000000, 0x0000000100000000)
  eden space 512512K, 0% used [0x00000000d5580000,0x00000000d5580000,0x00000000f4a00000)
  from space 95232K, 33% used [0x00000000fa300000,0x00000000fc252478,0x0000000100000000)
  to   space 91136K, 0% used [0x00000000f4a00000,0x00000000f4a00000,0x00000000fa300000)
 ParOldGen       total 1398272K, used 33601K [0x0000000080000000, 0x00000000d5580000, 0x00000000d5580000)
  object space 1398272K, 2% used [0x0000000080000000,0x00000000820d06e8,0x00000000d5580000)
 Metaspace       used 58158K, capacity 58774K, committed 58968K, reserved 1101824K
  class space    used 6756K, capacity 6970K, committed 7000K, reserved 1048576K
}
Event: 14.246 GC heap before
{Heap before GC invocations=11 (full 3):
 PSYoungGen      total 607744K, used 32073K [0x00000000d5580000, 0x0000000100000000, 0x0000000100000000)
  eden space 512512K, 0% used [0x00000000d5580000,0x00000000d5580000,0x00000000f4a00000)
  from space 95232K, 33% used [0x00000000fa300000,0x00000000fc252478,0x0000000100000000)
  to   space 91136K, 0% used [0x00000000f4a00000,0x00000000f4a00000,0x00000000fa300000)
 ParOldGen       total 1398272K, used 33601K [0x0000000080000000, 0x00000000d5580000, 0x00000000d5580000)
  object space 1398272K, 2% used [0x0000000080000000,0x00000000820d06e8,0x00000000d5580000)
 Metaspace       used 58158K, capacity 58774K, committed 58968K, reserved 1101824K
  class space    used 6756K, capacity 6970K, committed 7000K, reserved 1048576K
Event: 14.403 GC heap after
Heap after GC invocations=11 (full 3):
 PSYoungGen      total 607744K, used 0K [0x00000000d5580000, 0x0000000100000000, 0x0000000100000000)
  eden space 512512K, 0% used [0x00000000d5580000,0x00000000d5580000,0x00000000f4a00000)
  from space 95232K, 0% used [0x00000000fa300000,0x00000000fa300000,0x0000000100000000)
  to   space 91136K, 0% used [0x00000000f4a00000,0x00000000f4a00000,0x00000000fa300000)
 ParOldGen       total 1398272K, used 52333K [0x0000000080000000, 0x00000000d5580000, 0x00000000d5580000)
  object space 1398272K, 3% used [0x0000000080000000,0x000000008331b7b0,0x00000000d5580000)
 Metaspace       used 58158K, capacity 58774K, committed 58968K, reserved 1101824K
  class space    used 6756K, capacity 6970K, committed 7000K, reserved 1048576K
}
Event: 15.959 GC heap before
{Heap before GC invocations=12 (full 3):
 PSYoungGen      total 607744K, used 512512K [0x00000000d5580000, 0x0000000100000000, 0x0000000100000000)
  eden space 512512K, 100% used [0x00000000d5580000,0x00000000f4a00000,0x00000000f4a00000)
  from space 95232K, 0% used [0x00000000fa300000,0x00000000fa300000,0x0000000100000000)
  to   space 91136K, 0% used [0x00000000f4a00000,0x00000000f4a00000,0x00000000fa300000)
 ParOldGen       total 1398272K, used 52333K [0x0000000080000000, 0x00000000d5580000, 0x00000000d5580000)
  object space 1398272K, 3% used [0x0000000080000000,0x000000008331b7b0,0x00000000d5580000)
 Metaspace       used 62138K, capacity 62824K, committed 63192K, reserved 1105920K
  class space    used 7078K, capacity 7304K, committed 7384K, reserved 1048576K
Event: 15.967 GC heap after
Heap after GC invocations=12 (full 3):
 PSYoungGen      total 603648K, used 23648K [0x00000000d5580000, 0x0000000100000000, 0x0000000100000000)
  eden space 512512K, 0% used [0x00000000d5580000,0x00000000d5580000,0x00000000f4a00000)
  from space 91136K, 25% used [0x00000000f4a00000,0x00000000f6118168,0x00000000fa300000)
  to   space 88576K, 0% used [0x00000000fa980000,0x00000000fa980000,0x0000000100000000)
 ParOldGen       total 1398272K, used 52341K [0x0000000080000000, 0x00000000d5580000, 0x00000000d5580000)
  object space 1398272K, 3% used [0x0000000080000000,0x000000008331d7b0,0x00000000d5580000)
 Metaspace       used 62138K, capacity 62824K, committed 63192K, reserved 1105920K
  class space    used 7078K, capacity 7304K, committed 7384K, reserved 1048576K
}
Event: 17.239 GC heap before
{Heap before GC invocations=13 (full 3):
 PSYoungGen      total 603648K, used 536160K [0x00000000d5580000, 0x0000000100000000, 0x0000000100000000)
  eden space 512512K, 100% used [0x00000000d5580000,0x00000000f4a00000,0x00000000f4a00000)
  from space 91136K, 25% used [0x00000000f4a00000,0x00000000f6118168,0x00000000fa300000)
  to   space 88576K, 0% used [0x00000000fa980000,0x00000000fa980000,0x0000000100000000)
 ParOldGen       total 1398272K, used 52341K [0x0000000080000000, 0x00000000d5580000, 0x00000000d5580000)
  object space 1398272K, 3% used [0x0000000080000000,0x000000008331d7b0,0x00000000d5580000)
 Metaspace       used 65195K, capacity 65954K, committed 66392K, reserved 1107968K
  class space    used 7486K, capacity 7728K, committed 7768K, reserved 1048576K
Event: 17.258 GC heap after
Heap after GC invocations=13 (full 3):
 PSYoungGen      total 598016K, used 69224K [0x00000000d5580000, 0x0000000100000000, 0x0000000100000000)
  eden space 509440K, 0% used [0x00000000d5580000,0x00000000d5580000,0x00000000f4700000)
  from space 88576K, 78% used [0x00000000fa980000,0x00000000fed1a0d8,0x0000000100000000)
  to   space 94720K, 0% used [0x00000000f4700000,0x00000000f4700000,0x00000000fa380000)
 ParOldGen       total 1398272K, used 52349K [0x0000000080000000, 0x00000000d5580000, 0x00000000d5580000)
  object space 1398272K, 3% used [0x0000000080000000,0x000000008331f7b0,0x00000000d5580000)
 Metaspace       used 65195K, capacity 65954K, committed 66392K, reserved 1107968K
  class space    used 7486K, capacity 7728K, committed 7768K, reserved 1048576K
}
Event: 18.897 GC heap before
{Heap before GC invocations=14 (full 3):
 PSYoungGen      total 598016K, used 578664K [0x00000000d5580000, 0x0000000100000000, 0x0000000100000000)
  eden space 509440K, 100% used [0x00000000d5580000,0x00000000f4700000,0x00000000f4700000)
  from space 88576K, 78% used [0x00000000fa980000,0x00000000fed1a0d8,0x0000000100000000)
  to   space 94720K, 0% used [0x00000000f4700000,0x00000000f4700000,0x00000000fa380000)
 ParOldGen       total 1398272K, used 52349K [0x0000000080000000, 0x00000000d5580000, 0x00000000d5580000)
  object space 1398272K, 3% used [0x0000000080000000,0x000000008331f7b0,0x00000000d5580000)
 Metaspace       used 74680K, capacity 75486K, committed 75992K, reserved 1116160K
  class space    used 8567K, capacity 8826K, committed 8920K, reserved 1048576K
Event: 18.906 GC heap after
Heap after GC invocations=14 (full 3):
 PSYoungGen      total 604160K, used 28881K [0x00000000d5580000, 0x0000000100000000, 0x0000000100000000)
  eden space 509440K, 0% used [0x00000000d5580000,0x00000000d5580000,0x00000000f4700000)
  from space 94720K, 30% used [0x00000000f4700000,0x00000000f6334718,0x00000000fa380000)
  to   space 92160K, 0% used [0x00000000fa600000,0x00000000fa600000,0x0000000100000000)
 ParOldGen       total 1398272K, used 52357K [0x0000000080000000, 0x00000000d5580000, 0x00000000d5580000)
  object space 1398272K, 3% used [0x0000000080000000,0x00000000833217b0,0x00000000d5580000)
 Metaspace       used 74680K, capacity 75486K, committed 75992K, reserved 1116160K
  class space    used 8567K, capacity 8826K, committed 8920K, reserved 1048576K
}

