# JRE version: Java(TM) SE Runtime Environment (8.0_211-b12) (build 1.8.0_211-b12)
# Java VM: Java HotSpot(TM) 64-Bit Server VM (25.211-b12 mixed mode windows-amd64 compressed oops)
Heap:
 PSYoungGen      total 612864K, used 544093K [0x00000000d5580000, 0x0000000100000000, 0x0000000100000000)
  eden space 524288K, 100% used [0x00000000d5580000,0x00000000f5580000,0x00000000f5580000)
  from space 88576K, 22% used [0x00000000fa980000,0x00000000fbcd7440,0x0000000100000000)
  to   space 86016K, 0% used [0x00000000f5580000,0x00000000f5580000,0x00000000fa980000)
 ParOldGen       total 1398272K, used 32359K [0x0000000080000000, 0x00000000d5580000, 0x00000000d5580000)
  object space 1398272K, 2% used [0x0000000080000000,0x0000000081f99f30,0x00000000d5580000)
 Metaspace       used 47718K, capacity 48312K, committed 48728K, reserved 1091584K
  class space    used 5442K, capacity 5646K, committed 5720K, reserved 1048576K
GC Heap History (10 events):
Event: 6.316 GC heap before
{Heap before GC invocations=4 (full 1):
 PSYoungGen      total 611840K, used 524800K [0x00000000d5580000, 0x0000000100000000, 0x0000000100000000)
  eden space 524800K, 100% used [0x00000000d5580000,0x00000000f5600000,0x00000000f5600000)
  from space 87040K, 0% used [0x00000000fab00000,0x00000000fab00000,0x0000000100000000)
  to   space 87040K, 0% used [0x00000000f5600000,0x00000000f5600000,0x00000000fab00000)
 ParOldGen       total 1398272K, used 27595K [0x0000000080000000, 0x00000000d5580000, 0x00000000d5580000)
  object space 1398272K, 1% used [0x0000000080000000,0x0000000081af2d08,0x00000000d5580000)
 Metaspace       used 33648K, capacity 34162K, committed 34304K, reserved 1079296K
  class space    used 3859K, capacity 4044K, committed 4096K, reserved 1048576K
Event: 6.323 GC heap after
Heap after GC invocations=4 (full 1):
 PSYoungGen      total 611840K, used 17460K [0x00000000d5580000, 0x0000000100000000, 0x0000000100000000)
  eden space 524800K, 0% used [0x00000000d5580000,0x00000000d5580000,0x00000000f5600000)
  from space 87040K, 20% used [0x00000000f5600000,0x00000000f670d3a0,0x00000000fab00000)
  to   space 87040K, 0% used [0x00000000fab00000,0x00000000fab00000,0x0000000100000000)
 ParOldGen       total 1398272K, used 27611K [0x0000000080000000, 0x00000000d5580000, 0x00000000d5580000)
  object space 1398272K, 1% used [0x0000000080000000,0x0000000081af6d08,0x00000000d5580000)
 Metaspace       used 33648K, capacity 34162K, committed 34304K, reserved 1079296K
  class space    used 3859K, capacity 4044K, committed 4096K, reserved 1048576K
}
Event: 8.257 GC heap before
{Heap before GC invocations=5 (full 1):
 PSYoungGen      total 611840K, used 542260K [0x00000000d5580000, 0x0000000100000000, 0x0000000100000000)
  eden space 524800K, 100% used [0x00000000d5580000,0x00000000f5600000,0x00000000f5600000)
  from space 87040K, 20% used [0x00000000f5600000,0x00000000f670d3a0,0x00000000fab00000)
  to   space 87040K, 0% used [0x00000000fab00000,0x00000000fab00000,0x0000000100000000)
 ParOldGen       total 1398272K, used 27611K [0x0000000080000000, 0x00000000d5580000, 0x00000000d5580000)
  object space 1398272K, 1% used [0x0000000080000000,0x0000000081af6d08,0x00000000d5580000)
 Metaspace       used 34651K, capacity 35156K, committed 35416K, reserved 1081344K
  class space    used 3931K, capacity 4115K, committed 4184K, reserved 1048576K
Event: 8.291 GC heap after
Heap after GC invocations=5 (full 1):
 PSYoungGen      total 611840K, used 70163K [0x00000000d5580000, 0x0000000100000000, 0x0000000100000000)
  eden space 524800K, 0% used [0x00000000d5580000,0x00000000d5580000,0x00000000f5600000)
  from space 87040K, 80% used [0x00000000fab00000,0x00000000fef84dd8,0x0000000100000000)
  to   space 87040K, 0% used [0x00000000f5600000,0x00000000f5600000,0x00000000fab00000)
 ParOldGen       total 1398272K, used 27619K [0x0000000080000000, 0x00000000d5580000, 0x00000000d5580000)
  object space 1398272K, 1% used [0x0000000080000000,0x0000000081af8d08,0x00000000d5580000)
 Metaspace       used 34651K, capacity 35156K, committed 35416K, reserved 1081344K
  class space    used 3931K, capacity 4115K, committed 4184K, reserved 1048576K
}
Event: 8.522 GC heap before
{Heap before GC invocations=6 (full 1):
 PSYoungGen      total 611840K, used 184248K [0x00000000d5580000, 0x0000000100000000, 0x0000000100000000)
  eden space 524800K, 21% used [0x00000000d5580000,0x00000000dc4e93f0,0x00000000f5600000)
  from space 87040K, 80% used [0x00000000fab00000,0x00000000fef84dd8,0x0000000100000000)
  to   space 87040K, 0% used [0x00000000f5600000,0x00000000f5600000,0x00000000fab00000)
 ParOldGen       total 1398272K, used 27619K [0x0000000080000000, 0x00000000d5580000, 0x00000000d5580000)
  object space 1398272K, 1% used [0x0000000080000000,0x0000000081af8d08,0x00000000d5580000)
 Metaspace       used 34792K, capacity 35260K, committed 35416K, reserved 1081344K
  class space    used 3951K, capacity 4151K, committed 4184K, reserved 1048576K
Event: 8.531 GC heap after
Heap after GC invocations=6 (full 1):
 PSYoungGen      total 548864K, used 23630K [0x00000000d5580000, 0x0000000100000000, 0x0000000100000000)
  eden space 524800K, 0% used [0x00000000d5580000,0x00000000d5580000,0x00000000f5600000)
  from space 24064K, 98% used [0x00000000f5600000,0x00000000f6d13b30,0x00000000f6d80000)
  to   space 88576K, 0% used [0x00000000fa980000,0x00000000fa980000,0x0000000100000000)
 ParOldGen       total 1398272K, used 27627K [0x0000000080000000, 0x00000000d5580000, 0x00000000d5580000)
  object space 1398272K, 1% used [0x0000000080000000,0x0000000081afad08,0x00000000d5580000)
 Metaspace       used 34792K, capacity 35260K, committed 35416K, reserved 1081344K
  class space    used 3951K, capacity 4151K, committed 4184K, reserved 1048576K
}
Event: 8.531 GC heap before
{Heap before GC invocations=7 (full 2):
 PSYoungGen      total 548864K, used 23630K [0x00000000d5580000, 0x0000000100000000, 0x0000000100000000)
  eden space 524800K, 0% used [0x00000000d5580000,0x00000000d5580000,0x00000000f5600000)
  from space 24064K, 98% used [0x00000000f5600000,0x00000000f6d13b30,0x00000000f6d80000)
  to   space 88576K, 0% used [0x00000000fa980000,0x00000000fa980000,0x0000000100000000)
 ParOldGen       total 1398272K, used 27627K [0x0000000080000000, 0x00000000d5580000, 0x00000000d5580000)
  object space 1398272K, 1% used [0x0000000080000000,0x0000000081afad08,0x00000000d5580000)
 Metaspace       used 34792K, capacity 35260K, committed 35416K, reserved 1081344K
  class space    used 3951K, capacity 4151K, committed 4184K, reserved 1048576K
Event: 8.572 GC heap after
Heap after GC invocations=7 (full 2):
 PSYoungGen      total 548864K, used 0K [0x00000000d5580000, 0x0000000100000000, 0x0000000100000000)
  eden space 524800K, 0% used [0x00000000d5580000,0x00000000d5580000,0x00000000f5600000)
  from space 24064K, 0% used [0x00000000f5600000,0x00000000f5600000,0x00000000f6d80000)
  to   space 88576K, 0% used [0x00000000fa980000,0x00000000fa980000,0x0000000100000000)
 ParOldGen       total 1398272K, used 32351K [0x0000000080000000, 0x00000000d5580000, 0x00000000d5580000)
  object space 1398272K, 2% used [0x0000000080000000,0x0000000081f97f30,0x00000000d5580000)
 Metaspace       used 34792K, capacity 35260K, committed 35416K, reserved 1081344K
  class space    used 3951K, capacity 4151K, committed 4184K, reserved 1048576K
}
Event: 10.970 GC heap before
{Heap before GC invocations=8 (full 2):
 PSYoungGen      total 548864K, used 524800K [0x00000000d5580000, 0x0000000100000000, 0x0000000100000000)
  eden space 524800K, 100% used [0x00000000d5580000,0x00000000f5600000,0x00000000f5600000)
  from space 24064K, 0% used [0x00000000f5600000,0x00000000f5600000,0x00000000f6d80000)
  to   space 88576K, 0% used [0x00000000fa980000,0x00000000fa980000,0x0000000100000000)
 ParOldGen       total 1398272K, used 32351K [0x0000000080000000, 0x00000000d5580000, 0x00000000d5580000)
  object space 1398272K, 2% used [0x0000000080000000,0x0000000081f97f30,0x00000000d5580000)
 Metaspace       used 47010K, capacity 47594K, committed 47960K, reserved 1091584K
  class space    used 5390K, capacity 5604K, committed 5720K, reserved 1048576K
Event: 10.978 GC heap after
Heap after GC invocations=8 (full 2):
 PSYoungGen      total 612864K, used 19805K [0x00000000d5580000, 0x0000000100000000, 0x0000000100000000)
  eden space 524288K, 0% used [0x00000000d5580000,0x00000000d5580000,0x00000000f5580000)
  from space 88576K, 22% used [0x00000000fa980000,0x00000000fbcd7440,0x0000000100000000)
  to   space 86016K, 0% used [0x00000000f5580000,0x00000000f5580000,0x00000000fa980000)
 ParOldGen       total 1398272K, used 32359K [0x0000000080000000, 0x00000000d5580000, 0x00000000d5580000)
  object space 1398272K, 2% used [0x0000000080000000,0x0000000081f99f30,0x00000000d5580000)
 Metaspace       used 47010K, capacity 47594K, committed 47960K, reserved 1091584K
  class space    used 5390K, capacity 5604K, committed 5720K, reserved 1048576K
}

